<?xml version="1.0" encoding="UTF-8"?>
<!-- Generated by org.testng.reporters.JUnitReportReporter -->
<testsuite hostname="DESKTOP-1MJ0DPP" failures="0" tests="3" name="RunnerPackage.ProfileRunner" time="0.297" errors="0" timestamp="2023-07-27T15:51:37 IST" skipped="0">
  <testcase classname="RunnerPackage.ProfileRunner" name="runScenario" time="0.066"/>
  <system-out/>
  <testcase classname="RunnerPackage.ProfileRunner" name="runScenario" time="0.170"/>
  <system-out/>
  <testcase classname="RunnerPackage.ProfileRunner" name="runScenario" time="0.061"/>
  <system-out/>
</testsuite> <!-- RunnerPackage.ProfileRunner -->
