<?xml version="1.0" encoding="UTF-8"?>
<!-- Generated by org.testng.reporters.JUnitReportReporter -->
<testsuite hostname="DESKTOP-1MJ0DPP" failures="0" tests="1" name="RunnerPackage.RegistrationRunner" time="0.138" errors="0" timestamp="2023-07-21T19:38:16 IST" skipped="0">
  <testcase classname="RunnerPackage.RegistrationRunner" name="runScenario" time="0.138"/>
  <system-out/>
</testsuite> <!-- RunnerPackage.RegistrationRunner -->
