<?xml version="1.0" encoding="UTF-8"?>
<!-- Generated by org.testng.reporters.JUnitReportReporter -->
<testsuite hostname="DESKTOP-1MJ0DPP" failures="0" tests="1" name="RunnerPackage.LoginWithDataRunner" time="0.117" errors="0" timestamp="2023-07-19T20:09:54 IST" skipped="0">
  <testcase classname="RunnerPackage.LoginWithDataRunner" name="runScenario" time="0.117"/>
  <system-out/>
</testsuite> <!-- RunnerPackage.LoginWithDataRunner -->
