<?xml version="1.0" encoding="UTF-8"?>
<!-- Generated by org.testng.reporters.JUnitReportReporter -->
<testsuite hostname="DESKTOP-1MJ0DPP" failures="0" tests="2" name="RunnerPackage.LoginRunner" time="0.126" errors="0" timestamp="2023-07-19T20:10:44 IST" skipped="0">
  <testcase classname="RunnerPackage.LoginRunner" name="runScenario" time="0.018"/>
  <system-out/>
  <testcase classname="RunnerPackage.LoginRunner" name="runScenario" time="0.108"/>
  <system-out/>
</testsuite> <!-- RunnerPackage.LoginRunner -->
