<?xml version="1.0" encoding="UTF-8"?>
<!-- Generated by org.testng.reporters.JUnitReportReporter -->
<testsuite hostname="DESKTOP-1MJ0DPP" failures="0" tests="2" name="RunnerPackage.OrdersRunner" time="0.153" errors="0" timestamp="2023-07-20T19:34:22 IST" skipped="0">
  <testcase classname="RunnerPackage.OrdersRunner" name="runScenario" time="0.128"/>
  <system-out/>
  <testcase classname="RunnerPackage.OrdersRunner" name="runScenario" time="0.025"/>
  <system-out/>
</testsuite> <!-- RunnerPackage.OrdersRunner -->
