<?xml version="1.0" encoding="UTF-8"?>
<!-- Generated by org.testng.reporters.JUnitReportReporter -->
<testsuite hostname="DESKTOP-1MJ0DPP" failures="0" tests="1" name="RunnerPackage.DataTableRegistrationRunner" time="0.214" errors="0" timestamp="2023-07-27T15:35:38 IST" skipped="0">
  <testcase classname="RunnerPackage.DataTableRegistrationRunner" name="runScenario" time="0.214"/>
  <system-out/>
</testsuite> <!-- RunnerPackage.DataTableRegistrationRunner -->
