<?xml version="1.0" encoding="UTF-8"?>
<!-- Generated by org.testng.reporters.JUnitReportReporter -->
<testsuite hostname="DESKTOP-1MJ0DPP" failures="0" tests="3" name="RunnerPackage.CompaignRunner" time="0.197" errors="0" timestamp="2023-07-29T22:15:58 IST" skipped="0">
  <testcase classname="RunnerPackage.CompaignRunner" name="runScenario" time="0.144"/>
  <system-out/>
  <testcase classname="RunnerPackage.CompaignRunner" name="runScenario" time="0.024"/>
  <system-out/>
  <testcase classname="RunnerPackage.CompaignRunner" name="runScenario" time="0.029"/>
  <system-out/>
</testsuite> <!-- RunnerPackage.CompaignRunner -->
