<?xml version="1.0" encoding="UTF-8"?>
<!-- Generated by org.testng.reporters.JUnitReportReporter -->
<testsuite hostname="DESKTOP-1MJ0DPP" failures="0" tests="4" name="RunnerPackage.ScenarioRunner" time="0.257" errors="0" timestamp="2023-07-20T20:02:32 IST" skipped="0">
  <testcase classname="RunnerPackage.ScenarioRunner" name="runScenario" time="0.027"/>
  <system-out/>
  <testcase classname="RunnerPackage.ScenarioRunner" name="runScenario" time="0.022"/>
  <system-out/>
  <testcase classname="RunnerPackage.ScenarioRunner" name="runScenario" time="0.056"/>
  <system-out/>
  <testcase classname="RunnerPackage.ScenarioRunner" name="runScenario" time="0.152"/>
  <system-out/>
</testsuite> <!-- RunnerPackage.ScenarioRunner -->
